<?xml version="1.0" encoding="UTF-8"?>
<testng-results total="3" passed="3" failed="0" skipped="0">
  <reporter-output>
  </reporter-output>
  <suite started-at="2022-05-23T16:45:39Z" name="Suite" finished-at="2022-05-23T16:45:48Z" duration-ms="9015">
    <groups>
    </groups>
    <test started-at="2022-05-23T16:45:39Z" name="Test on Chrome" finished-at="2022-05-23T16:45:48Z" duration-ms="9015">
      <class name="Test.SolicitarFirmasTest">
        <test-method is-config="true" signature="setUpBeforeClass(java.lang.String)[pri:0, instance:Test.SolicitarFirmasTest@7fcf2fc1]" started-at="2022-05-23T12:45:39Z" name="setUpBeforeClass" finished-at="2022-05-23T12:45:44Z" duration-ms="4884" status="PASS">
          <params>
            <param index="0">
              <value>
                <![CDATA[chrome]]>
              </value>
            </param>
          </params>
          <reporter-output>
          </reporter-output>
        </test-method> <!-- setUpBeforeClass -->
        <test-method signature="seleccionarTramite()[pri:0, instance:Test.SolicitarFirmasTest@7fcf2fc1]" started-at="2022-05-23T12:45:44Z" name="seleccionarTramite" finished-at="2022-05-23T12:45:46Z" duration-ms="2546" status="PASS">
          <reporter-output>
          </reporter-output>
        </test-method> <!-- seleccionarTramite -->
        <test-method signature="seleccionarCamposFirma()[pri:0, instance:Test.SolicitarFirmasTest@7fcf2fc1]" started-at="2022-05-23T12:45:44Z" name="seleccionarCamposFirma" finished-at="2022-05-23T12:45:47Z" duration-ms="3429" status="PASS">
          <reporter-output>
          </reporter-output>
        </test-method> <!-- seleccionarCamposFirma -->
        <test-method signature="nuevaFirma()[pri:0, instance:Test.SolicitarFirmasTest@7fcf2fc1]" started-at="2022-05-23T12:45:46Z" name="nuevaFirma" finished-at="2022-05-23T12:45:48Z" duration-ms="1570" status="PASS">
          <reporter-output>
          </reporter-output>
        </test-method> <!-- nuevaFirma -->
      </class> <!-- Test.SolicitarFirmasTest -->
    </test> <!-- Test on Chrome -->
  </suite> <!-- Suite -->
</testng-results>
